[LOG] Makein function was written successfully.
[CHECKER] Checking if m is a variable name.
[CHECKER] m is a variable name. Accept.
[CHECKER] Checking if variable m has already used.
[CHECKER] Variable m has not been used yet.
[CHECKER] Checking how many space(s) will be used.
[CHECKER] For row 2, there will be 8 space(s) here.
[LOG] Add int variable m successfully.
[CHECKER] Checking if n is a variable name.
[CHECKER] n is a variable name. Accept.
[CHECKER] Checking if variable n has already used.
[CHECKER] Variable n has not been used yet.
[CHECKER] Checking how many space(s) will be used.
[CHECKER] For row 3, there will be 8 space(s) here.
[LOG] Add int variable n successfully.
[CHECKER] Checking if variable m has already used.
[CHECKER] Variable m has already used.
[CHECKER] Checking how many space(s) will be used.
[CHECKER] For row 4, there will be 8 space(s) here.
[LOG] Assign  variable m with a random number successfully.
[CHECKER] Checking if variable n has already used.
[CHECKER] Variable n has already used.
[CHECKER] Checking how many space(s) will be used.
[CHECKER] For row 5, there will be 8 space(s) here.
[LOG] Assign  variable n with a random number successfully.
[CHECKER] Checking if variable n has already used.
[CHECKER] Variable n has already used.
[CHECKER] Checking how many space(s) will be used.
[CHECKER] For row 6, there will be 8 space(s) here.
[LOG] Make a variable number successfully.
[CHECKER] Checking how many space(s) will be used.
[CHECKER] For row 7, there will be 8 space(s) here.
[LOG] Make a string or a space successfully.
[CHECKER] Checking if variable m has already used.
[CHECKER] Variable m has already used.
[CHECKER] Checking how many space(s) will be used.
[CHECKER] For row 8, there will be 8 space(s) here.
[LOG] Make a variable number successfully.
[CHECKER] Checking how many space(s) will be used.
[CHECKER] For row 9, there will be 8 space(s) here.
[LOG] Make a string or a space successfully.
[CHECKER] Checking how many space(s) will be used.
[CHECKER] For row 10, there will be 8 space(s) here.
[LOG] Make a random number successfully.
[CHECKER] Checking how many space(s) will be used.
[CHECKER] For row 11, there will be 8 space(s) here.
[LOG] Make a string or a space successfully.
[CHECKER] Checking how many space(s) will be used.
[CHECKER] For row 12, there will be 8 space(s) here.
[LOG] Make a random number successfully.
